<?xml version="1.0" encoding="UTF-8"?>
<Site BuildName="(empty)"
	BuildStamp="20241201-1040-Experimental"
	Name="rpi"
	Generator="ctest-3.22.1"
	CompilerName="/usr/bin/aarch64-linux-gnu-g++"
	CompilerVersion="11.4.0"
	OSName="Linux"
	Hostname="rpi"
	OSRelease="5.15.0-1065-raspi"
	OSVersion="#68-Ubuntu SMP PREEMPT Tue Oct 15 19:25:34 UTC 2024"
	OSPlatform="aarch64"
	Is64Bits="1"
	VendorString=""
	VendorID="Unknown Manufacturer"
	FamilyID="8"
	ModelID="0"
	ProcessorCacheSize="0"
	NumberOfLogicalCPU="4"
	NumberOfPhysicalCPU="1"
	TotalVirtualMemory="1023"
	TotalPhysicalMemory="3789"
	LogicalProcessorsPerPhysical="4"
	ProcessorClockFrequency="0"
	>
	<Testing>
		<StartDateTime>Dec 01 19:40 KST</StartDateTime>
		<StartTestTime>1733049619</StartTestTime>
		<TestList/>
		<EndDateTime>Dec 01 19:40 KST</EndDateTime>
		<EndTestTime>1733049619</EndTestTime>
		<ElapsedMinutes>0</ElapsedMinutes>
	</Testing>
</Site>
