[2.617s] Invoking command in '/home/crashlab/robot_ws/build/nav_motor_pkg': CMAKE_PREFIX_PATH=${CMAKE_PREFIX_PATH}:/home/crashlab/robot_ws/install/nav_bringup:/home/crashlab/robot_ws/install/json_data:/home/crashlab/robot_ws/install/coordination:/opt/ros/humble /usr/bin/cmake --build /home/crashlab/robot_ws/build/nav_motor_pkg -- -j4 -l4
[2.961s] [ 25%] Built target pid_gain_publisher
[2.996s] [ 50%] Built target motor_util
[3.209s] [ 62%] [32mBuilding CXX object CMakeFiles/test_running_node.dir/src/test_running_node.cpp.o[0m
[3.216s] [ 87%] Built target motor_run_node
[19.133s] [01m[K/home/crashlab/robot_ws/src/nav_motor_pkg/src/test_running_node.cpp:[m[K In constructor â€˜[01m[KTestRunner::TestRunner()[m[Kâ€™:
[19.134s] [01m[K/home/crashlab/robot_ws/src/nav_motor_pkg/src/test_running_node.cpp:25:9:[m[K [01;31m[Kerror: [m[Kâ€˜[01m[Karrived_sub_[m[Kâ€™ was not declared in this scope
[19.134s]    25 |         [01;31m[Karrived_sub_[m[K = this->create_subscription<std_msgs::msg::String>("/arrived", 10, std::bind(&TestRunner::ArrivedCallback, this, std::placeholders::_1));
[19.135s]       |         [01;31m[K^~~~~~~~~~~~[m[K
[19.211s] [01m[K/home/crashlab/robot_ws/src/nav_motor_pkg/src/test_running_node.cpp:[m[K In member function â€˜[01m[Kvoid TestRunner::GoalLocationCallback(std_msgs::msg::String_<std::allocator<void> >::SharedPtr)[m[Kâ€™:
[19.212s] [01m[K/home/crashlab/robot_ws/src/nav_motor_pkg/src/test_running_node.cpp:77:70:[m[K [01;35m[Kwarning: [m[Kunused parameter â€˜[01m[Kmsg[m[Kâ€™ [[01;35m[K]8;;https://gcc.gnu.org/onlinedocs/gcc/Warning-Options.html#index-Wunused-parameter-Wunused-parameter]8;;[m[K]
[19.212s]    77 |     void GoalLocationCallback([01;35m[Kconst std_msgs::msg::String::SharedPtr msg[m[K)
[19.213s]       |                               [01;35m[K~~~~~~~~~~~~~~~~~~~~~~~~~~~~~~~~~~~~~~~^~~[m[K
[19.234s] [01m[K/home/crashlab/robot_ws/src/nav_motor_pkg/src/test_running_node.cpp:[m[K In member function â€˜[01m[Kvoid TestRunner::ArrivedCallback(std_msgs::msg::String_<std::allocator<void> >::SharedPtr)[m[Kâ€™:
[19.235s] [01m[K/home/crashlab/robot_ws/src/nav_motor_pkg/src/test_running_node.cpp:113:65:[m[K [01;35m[Kwarning: [m[Kunused parameter â€˜[01m[Kmsg[m[Kâ€™ [[01;35m[K]8;;https://gcc.gnu.org/onlinedocs/gcc/Warning-Options.html#index-Wunused-parameter-Wunused-parameter]8;;[m[K]
[19.235s]   113 |     void ArrivedCallback([01;35m[Kconst std_msgs::msg::String::SharedPtr msg[m[K)
[19.235s]       |                          [01;35m[K~~~~~~~~~~~~~~~~~~~~~~~~~~~~~~~~~~~~~~~^~~[m[K
[19.236s] [01m[K/home/crashlab/robot_ws/src/nav_motor_pkg/src/test_running_node.cpp:[m[K In member function â€˜[01m[Kvoid TestRunner::TimerCallback()[m[Kâ€™:
[19.236s] [01m[K/home/crashlab/robot_ws/src/nav_motor_pkg/src/test_running_node.cpp:183:62:[m[K [01;31m[Kerror: [m[Kexpected â€˜[01m[K;[m[Kâ€™ before â€˜[01m[Kangular_velocity[m[Kâ€™
[19.237s]   183 |                 linear_velocity = slam_linear_velocity * 2.3 [01;31m[Kangular_velocity[m[K = slam_angular_velocity;
[19.237s]       |                                                              [01;31m[K^~~~~~~~~~~~~~~~[m[K
[40.443s] gmake[2]: *** [CMakeFiles/test_running_node.dir/build.make:76: CMakeFiles/test_running_node.dir/src/test_running_node.cpp.o] Error 1
[40.444s] gmake[1]: *** [CMakeFiles/Makefile2:195: CMakeFiles/test_running_node.dir/all] Error 2
[40.445s] gmake: *** [Makefile:146: all] Error 2
[40.451s] Invoked command in '/home/crashlab/robot_ws/build/nav_motor_pkg' returned '2': CMAKE_PREFIX_PATH=${CMAKE_PREFIX_PATH}:/home/crashlab/robot_ws/install/nav_bringup:/home/crashlab/robot_ws/install/json_data:/home/crashlab/robot_ws/install/coordination:/opt/ros/humble /usr/bin/cmake --build /home/crashlab/robot_ws/build/nav_motor_pkg -- -j4 -l4
