[1.504s] Invoking command in '/home/crashlab/robot_ws/build/nav_motor_pkg': CMAKE_PREFIX_PATH=${CMAKE_PREFIX_PATH}:/home/crashlab/robot_ws/install/nav_bringup:/home/crashlab/robot_ws/install/json_data:/opt/ros/humble /usr/bin/cmake --build /home/crashlab/robot_ws/build/nav_motor_pkg -- -j4 -l4
[2.081s] [ 25%] Built target pid_gain_publisher
[2.129s] [ 37%] [32mBuilding CXX object CMakeFiles/motor_util.dir/src/motor_util.cpp.o[0m
[16.242s] [01m[K/home/crashlab/robot_ws/src/nav_motor_pkg/src/motor_util.cpp:[m[K In function ‚Äò[01m[Kint LimitPwm(int&)[m[K‚Äô:
[16.243s] [01m[K/home/crashlab/robot_ws/src/nav_motor_pkg/src/motor_util.cpp:286:1:[m[K [01;35m[Kwarning: [m[Kno return statement in function returning non-void [[01;35m[K]8;;https://gcc.gnu.org/onlinedocs/gcc/Warning-Options.html#index-Wreturn-type-Wreturn-type]8;;[m[K]
[16.243s]   286 | [01;35m[K}[m[K
[16.244s]       | [01;35m[K^[m[K
[16.261s] [01m[K/home/crashlab/robot_ws/src/nav_motor_pkg/src/motor_util.cpp:[m[K In function ‚Äò[01m[Kvoid CalculateRpm(double, double&, double&)[m[K‚Äô:
[16.262s] [01m[K/home/crashlab/robot_ws/src/nav_motor_pkg/src/motor_util.cpp:322:5:[m[K [01;31m[Kerror: [m[K‚Äò[01m[Krpm_vlaue2[m[K‚Äô was not declared in this scope; did you mean ‚Äò[01m[Krpm_value2[m[K‚Äô?
[16.262s]   322 |     [01;31m[Krpm_vlaue2[m[K = direction_factor2 * (speed_count_2 * 60) / (encoder_resolution * 4 * dt);
[16.263s]       |     [01;31m[K^~~~~~~~~~[m[K
[16.263s]       |     [32m[Krpm_value2[m[K
[16.277s] [01m[K/home/crashlab/robot_ws/src/nav_motor_pkg/src/motor_util.cpp:[m[K In function ‚Äò[01m[Kvoid calculateWheelPWM(double, double, double&, double&)[m[K‚Äô:
[16.278s] [01m[K/home/crashlab/robot_ws/src/nav_motor_pkg/src/motor_util.cpp:434:18:[m[K [01;35m[Kwarning: [m[Kunused variable ‚Äò[01m[Kmax_velocity[m[K‚Äô [[01;35m[K]8;;https://gcc.gnu.org/onlinedocs/gcc/Warning-Options.html#index-Wunused-variable-Wunused-variable]8;;[m[K]
[16.278s]   434 |     const double [01;35m[Kmax_velocity[m[K = 10; // ÏµúÎåÄ Î∞îÌÄ¥ ÏÜçÎèÑ (m/s) (Ïòà: 1m/s)
[16.279s]       |                  [01;35m[K^~~~~~~~~~~~[m[K
[18.183s] gmake[2]: *** [CMakeFiles/motor_util.dir/build.make:76: CMakeFiles/motor_util.dir/src/motor_util.cpp.o] Error 1
[18.183s] gmake[1]: *** [CMakeFiles/Makefile2:143: CMakeFiles/motor_util.dir/all] Error 2
[18.184s] gmake: *** [Makefile:146: all] Error 2
[18.192s] Invoked command in '/home/crashlab/robot_ws/build/nav_motor_pkg' returned '2': CMAKE_PREFIX_PATH=${CMAKE_PREFIX_PATH}:/home/crashlab/robot_ws/install/nav_bringup:/home/crashlab/robot_ws/install/json_data:/opt/ros/humble /usr/bin/cmake --build /home/crashlab/robot_ws/build/nav_motor_pkg -- -j4 -l4
