[3.570s] Invoking command in '/home/crashlab/robot_ws/build/nav_motor_pkg': CMAKE_PREFIX_PATH=${CMAKE_PREFIX_PATH}:/home/crashlab/robot_ws/install/nav_bringup:/home/crashlab/robot_ws/install/json_data:/opt/ros/humble /usr/bin/cmake --build /home/crashlab/robot_ws/build/nav_motor_pkg -- -j4 -l4
[4.745s] [ 25%] Built target motor_util
[5.192s] [ 50%] Built target pid_gain_publisher
[5.411s] [35m[1mConsolidate compiler generated dependencies of target test_running_node[0m
[5.685s] [ 62%] [32mBuilding CXX object CMakeFiles/test_running_node.dir/src/test_running_node.cpp.o[0m
[42.910s] [01m[K/home/crashlab/robot_ws/src/nav_motor_pkg/src/test_running_node.cpp:[m[K In member function â€˜[01m[Kvoid TestRunner::GoalLocationCallback(std_msgs::msg::String_<std::allocator<void> >::SharedPtr)[m[Kâ€™:
[42.920s] [01m[K/home/crashlab/robot_ws/src/nav_motor_pkg/src/test_running_node.cpp:57:70:[m[K [01;35m[Kwarning: [m[Kunused parameter â€˜[01m[Kmsg[m[Kâ€™ [[01;35m[K]8;;https://gcc.gnu.org/onlinedocs/gcc/Warning-Options.html#index-Wunused-parameter-Wunused-parameter]8;;[m[K]
[42.924s]    57 |     void GoalLocationCallback([01;35m[Kconst std_msgs::msg::String::SharedPtr msg[m[K)
[42.927s]       |                               [01;35m[K~~~~~~~~~~~~~~~~~~~~~~~~~~~~~~~~~~~~~~~^~~[m[K
[42.995s] [01m[K/home/crashlab/robot_ws/src/nav_motor_pkg/src/test_running_node.cpp:[m[K In member function â€˜[01m[Kvoid TestRunner::TimerCallback()[m[Kâ€™:
[42.996s] [01m[K/home/crashlab/robot_ws/src/nav_motor_pkg/src/test_running_node.cpp:128:13:[m[K [01;31m[Kerror: [m[Kâ€˜[01m[KRCLCPP_INF[m[Kâ€™ was not declared in this scope; did you mean â€˜[01m[KRCLCPP_INFO[m[Kâ€™?
[42.997s]   128 |             [01;31m[KRCLCPP_INF[m[K(rclcpp::get_logger("cmd vel"),"linear : %f   ||   angular : %f",linear_velocity, angular_velocity);
[42.998s]       |             [01;31m[K^~~~~~~~~~[m[K
[43.002s]       |             [32m[KRCLCPP_INFO[m[K
[90.222s] gmake[2]: *** [CMakeFiles/test_running_node.dir/build.make:76: CMakeFiles/test_running_node.dir/src/test_running_node.cpp.o] Error 1
[90.228s] gmake[1]: *** [CMakeFiles/Makefile2:195: CMakeFiles/test_running_node.dir/all] Error 2
[90.229s] gmake: *** [Makefile:146: all] Error 2
[90.367s] Invoked command in '/home/crashlab/robot_ws/build/nav_motor_pkg' returned '2': CMAKE_PREFIX_PATH=${CMAKE_PREFIX_PATH}:/home/crashlab/robot_ws/install/nav_bringup:/home/crashlab/robot_ws/install/json_data:/opt/ros/humble /usr/bin/cmake --build /home/crashlab/robot_ws/build/nav_motor_pkg -- -j4 -l4
