[01m[K/home/crashlab/robot_ws/src/nav_motor_pkg/src/motor_util.cpp:[m[K In function ‚Äò[01m[Kint LimitPwm(int&)[m[K‚Äô:
[01m[K/home/crashlab/robot_ws/src/nav_motor_pkg/src/motor_util.cpp:301:1:[m[K [01;35m[Kwarning: [m[Kno return statement in function returning non-void [[01;35m[K]8;;https://gcc.gnu.org/onlinedocs/gcc/Warning-Options.html#index-Wreturn-type-Wreturn-type]8;;[m[K]
  301 | [01;35m[K}[m[K
      | [01;35m[K^[m[K
[01m[K/home/crashlab/robot_ws/src/nav_motor_pkg/src/motor_util.cpp:[m[K In function ‚Äò[01m[Kvoid calculateWheelPWM(double, double, double&, double&)[m[K‚Äô:
[01m[K/home/crashlab/robot_ws/src/nav_motor_pkg/src/motor_util.cpp:457:18:[m[K [01;35m[Kwarning: [m[Kunused variable ‚Äò[01m[Kmax_velocity[m[K‚Äô [[01;35m[K]8;;https://gcc.gnu.org/onlinedocs/gcc/Warning-Options.html#index-Wunused-variable-Wunused-variable]8;;[m[K]
  457 |     const double [01;35m[Kmax_velocity[m[K = 10; // ÏµúÎåÄ Î∞îÌÄ¥ ÏÜçÎèÑ (m/s) (Ïòà: 1m/s)
      |                  [01;35m[K^~~~~~~~~~~~[m[K
[01m[K/home/crashlab/robot_ws/src/nav_motor_pkg/src/test_running_node.cpp:[m[K In member function ‚Äò[01m[Kvoid TestRunner::GoalLocationCallback(std_msgs::msg::String_<std::allocator<void> >::SharedPtr)[m[K‚Äô:
[01m[K/home/crashlab/robot_ws/src/nav_motor_pkg/src/test_running_node.cpp:76:70:[m[K [01;35m[Kwarning: [m[Kunused parameter ‚Äò[01m[Kmsg[m[K‚Äô [[01;35m[K]8;;https://gcc.gnu.org/onlinedocs/gcc/Warning-Options.html#index-Wunused-parameter-Wunused-parameter]8;;[m[K]
   76 |     void GoalLocationCallback([01;35m[Kconst std_msgs::msg::String::SharedPtr msg[m[K)
      |                               [01;35m[K~~~~~~~~~~~~~~~~~~~~~~~~~~~~~~~~~~~~~~~^~~[m[K
[01m[K/home/crashlab/robot_ws/src/nav_motor_pkg/src/test_running_node.cpp:[m[K In member function ‚Äò[01m[Kvoid TestRunner::TimerCallback()[m[K‚Äô:
[01m[K/home/crashlab/robot_ws/src/nav_motor_pkg/src/test_running_node.cpp:158:67:[m[K [01;31m[Kerror: [m[K‚Äò[01m[Ki[m[K‚Äô was not declared in this scope
  158 |                 slam_angular_velocity = slam_angular_velocity * 0;[01;31m[Ki[m[K
      |                                                                   [01;31m[K^[m[K
gmake[2]: *** [CMakeFiles/test_running_node.dir/build.make:76: CMakeFiles/test_running_node.dir/src/test_running_node.cpp.o] Error 1
gmake[1]: *** [CMakeFiles/Makefile2:195: CMakeFiles/test_running_node.dir/all] Error 2
gmake: *** [Makefile:146: all] Error 2
