[01m[K/home/crashlab/robot_ws/src/nav_motor_pkg/src/test_running_node.cpp:[m[K In constructor â€˜[01m[KTestRunner::TestRunner()[m[Kâ€™:
[01m[K/home/crashlab/robot_ws/src/nav_motor_pkg/src/test_running_node.cpp:25:9:[m[K [01;31m[Kerror: [m[Kâ€˜[01m[Karrived_sub_[m[Kâ€™ was not declared in this scope
   25 |         [01;31m[Karrived_sub_[m[K = this->create_subscription<std_msgs::msg::String>("/arrived", 10, std::bind(&TestRunner::ArrivedCallback, this, std::placeholders::_1));
      |         [01;31m[K^~~~~~~~~~~~[m[K
[01m[K/home/crashlab/robot_ws/src/nav_motor_pkg/src/test_running_node.cpp:[m[K In member function â€˜[01m[Kvoid TestRunner::GoalLocationCallback(std_msgs::msg::String_<std::allocator<void> >::SharedPtr)[m[Kâ€™:
[01m[K/home/crashlab/robot_ws/src/nav_motor_pkg/src/test_running_node.cpp:77:70:[m[K [01;35m[Kwarning: [m[Kunused parameter â€˜[01m[Kmsg[m[Kâ€™ [[01;35m[K]8;;https://gcc.gnu.org/onlinedocs/gcc/Warning-Options.html#index-Wunused-parameter-Wunused-parameter]8;;[m[K]
   77 |     void GoalLocationCallback([01;35m[Kconst std_msgs::msg::String::SharedPtr msg[m[K)
      |                               [01;35m[K~~~~~~~~~~~~~~~~~~~~~~~~~~~~~~~~~~~~~~~^~~[m[K
[01m[K/home/crashlab/robot_ws/src/nav_motor_pkg/src/test_running_node.cpp:[m[K In member function â€˜[01m[Kvoid TestRunner::ArrivedCallback(std_msgs::msg::String_<std::allocator<void> >::SharedPtr)[m[Kâ€™:
[01m[K/home/crashlab/robot_ws/src/nav_motor_pkg/src/test_running_node.cpp:113:65:[m[K [01;35m[Kwarning: [m[Kunused parameter â€˜[01m[Kmsg[m[Kâ€™ [[01;35m[K]8;;https://gcc.gnu.org/onlinedocs/gcc/Warning-Options.html#index-Wunused-parameter-Wunused-parameter]8;;[m[K]
  113 |     void ArrivedCallback([01;35m[Kconst std_msgs::msg::String::SharedPtr msg[m[K)
      |                          [01;35m[K~~~~~~~~~~~~~~~~~~~~~~~~~~~~~~~~~~~~~~~^~~[m[K
gmake[2]: *** [CMakeFiles/test_running_node.dir/build.make:76: CMakeFiles/test_running_node.dir/src/test_running_node.cpp.o] Error 1
gmake[1]: *** [CMakeFiles/Makefile2:195: CMakeFiles/test_running_node.dir/all] Error 2
gmake: *** [Makefile:146: all] Error 2
