[3.340s] Invoking command in '/home/crashlab/robot_ws/build/nav_motor_pkg': CMAKE_PREFIX_PATH=${CMAKE_PREFIX_PATH}:/home/crashlab/robot_ws/install/nav_bringup:/home/crashlab/robot_ws/install/json_data:/home/crashlab/robot_ws/install/coordination:/opt/ros/humble /usr/bin/cmake --build /home/crashlab/robot_ws/build/nav_motor_pkg -- -j4 -l4
[3.842s] [ 25%] Built target pid_gain_publisher
[3.857s] [ 50%] Built target motor_util
[4.103s] [35m[1mConsolidate compiler generated dependencies of target test_running_node[0m
[4.175s] [ 75%] Built target motor_run_node
[4.484s] [ 87%] [32mBuilding CXX object CMakeFiles/test_running_node.dir/src/test_running_node.cpp.o[0m
[19.575s] [01m[K/home/crashlab/robot_ws/src/nav_motor_pkg/src/test_running_node.cpp:[m[K In constructor â€˜[01m[KTestRunner::TestRunner()[m[Kâ€™:
[19.576s] [01m[K/home/crashlab/robot_ws/src/nav_motor_pkg/src/test_running_node.cpp:25:9:[m[K [01;31m[Kerror: [m[Kâ€˜[01m[Karrived_sub_[m[Kâ€™ was not declared in this scope
[19.577s]    25 |         [01;31m[Karrived_sub_[m[K = this->create_subscription<std_msgs::msg::String>("/arrived", 10, std::bind(&TestRunner::ArrivedCallback, this, std::placeholders::_1));
[19.577s]       |         [01;31m[K^~~~~~~~~~~~[m[K
[19.672s] [01m[K/home/crashlab/robot_ws/src/nav_motor_pkg/src/test_running_node.cpp:[m[K In member function â€˜[01m[Kvoid TestRunner::GoalLocationCallback(std_msgs::msg::String_<std::allocator<void> >::SharedPtr)[m[Kâ€™:
[19.673s] [01m[K/home/crashlab/robot_ws/src/nav_motor_pkg/src/test_running_node.cpp:77:70:[m[K [01;35m[Kwarning: [m[Kunused parameter â€˜[01m[Kmsg[m[Kâ€™ [[01;35m[K]8;;https://gcc.gnu.org/onlinedocs/gcc/Warning-Options.html#index-Wunused-parameter-Wunused-parameter]8;;[m[K]
[19.673s]    77 |     void GoalLocationCallback([01;35m[Kconst std_msgs::msg::String::SharedPtr msg[m[K)
[19.674s]       |                               [01;35m[K~~~~~~~~~~~~~~~~~~~~~~~~~~~~~~~~~~~~~~~^~~[m[K
[19.699s] [01m[K/home/crashlab/robot_ws/src/nav_motor_pkg/src/test_running_node.cpp:[m[K In member function â€˜[01m[Kvoid TestRunner::ArrivedCallback(std_msgs::msg::String_<std::allocator<void> >::SharedPtr)[m[Kâ€™:
[19.700s] [01m[K/home/crashlab/robot_ws/src/nav_motor_pkg/src/test_running_node.cpp:113:65:[m[K [01;35m[Kwarning: [m[Kunused parameter â€˜[01m[Kmsg[m[Kâ€™ [[01;35m[K]8;;https://gcc.gnu.org/onlinedocs/gcc/Warning-Options.html#index-Wunused-parameter-Wunused-parameter]8;;[m[K]
[19.701s]   113 |     void ArrivedCallback([01;35m[Kconst std_msgs::msg::String::SharedPtr msg[m[K)
[19.702s]       |                          [01;35m[K~~~~~~~~~~~~~~~~~~~~~~~~~~~~~~~~~~~~~~~^~~[m[K
[48.394s] gmake[2]: *** [CMakeFiles/test_running_node.dir/build.make:76: CMakeFiles/test_running_node.dir/src/test_running_node.cpp.o] Error 1
[48.395s] gmake[1]: *** [CMakeFiles/Makefile2:195: CMakeFiles/test_running_node.dir/all] Error 2
[48.396s] gmake: *** [Makefile:146: all] Error 2
[48.405s] Invoked command in '/home/crashlab/robot_ws/build/nav_motor_pkg' returned '2': CMAKE_PREFIX_PATH=${CMAKE_PREFIX_PATH}:/home/crashlab/robot_ws/install/nav_bringup:/home/crashlab/robot_ws/install/json_data:/home/crashlab/robot_ws/install/coordination:/opt/ros/humble /usr/bin/cmake --build /home/crashlab/robot_ws/build/nav_motor_pkg -- -j4 -l4
