[01m[K/home/crashlab/robot_ws/src/nav_motor_pkg/src/test_running_node.cpp:[m[K In member function ‘[01m[Kvoid TestRunner::GoalLocationCallback(std_msgs::msg::String_<std::allocator<void> >::SharedPtr)[m[K’:
[01m[K/home/crashlab/robot_ws/src/nav_motor_pkg/src/test_running_node.cpp:76:70:[m[K [01;35m[Kwarning: [m[Kunused parameter ‘[01m[Kmsg[m[K’ [[01;35m[K]8;;https://gcc.gnu.org/onlinedocs/gcc/Warning-Options.html#index-Wunused-parameter-Wunused-parameter]8;;[m[K]
   76 |     void GoalLocationCallback([01;35m[Kconst std_msgs::msg::String::SharedPtr msg[m[K)
      |                               [01;35m[K~~~~~~~~~~~~~~~~~~~~~~~~~~~~~~~~~~~~~~~^~~[m[K
[01m[K/home/crashlab/robot_ws/src/nav_motor_pkg/src/test_running_node.cpp:[m[K In member function ‘[01m[Kvoid TestRunner::TimerCallback()[m[K’:
[01m[K/home/crashlab/robot_ws/src/nav_motor_pkg/src/test_running_node.cpp:160:13:[m[K [01;31m[Kerror: [m[K‘[01m[K유저[m[K’ was not declared in this scope
  160 |             [01;31m[K유저[m[K 인식 넓이에 따른 속도 조절
      |             [01;31m[K^~~~[m[K
[01m[K/home/crashlab/robot_ws/src/nav_motor_pkg/src/test_running_node.cpp:166:13:[m[K [01;31m[Kerror: [m[Kexpected ‘[01m[K}[m[K’ before ‘[01m[Kelse[m[K’
  166 |             [01;31m[Kelse[m[K if (cam_area > 130000){
      |             [01;31m[K^~~~[m[K
[01m[K/home/crashlab/robot_ws/src/nav_motor_pkg/src/test_running_node.cpp:156:9:[m[K [01;36m[Knote: [m[Kto match this ‘[01m[K{[m[K’
  156 |         [01;36m[K{[m[K
      |         [01;36m[K^[m[K
[01m[K/home/crashlab/robot_ws/src/nav_motor_pkg/src/test_running_node.cpp:172:17:[m[K [01;31m[Kerror: [m[Kexpected ‘[01m[K;[m[K’ before ‘[01m[Kangular_velocity[m[K’
  172 |                 [01;31m[Kangular_velocity[m[K = slam_angular_velocity;
      |                 [01;31m[K^~~~~~~~~~~~~~~~[m[K
gmake[2]: *** [CMakeFiles/test_running_node.dir/build.make:76: CMakeFiles/test_running_node.dir/src/test_running_node.cpp.o] Error 1
gmake[1]: *** [CMakeFiles/Makefile2:195: CMakeFiles/test_running_node.dir/all] Error 2
gmake: *** [Makefile:146: all] Error 2
